<?xml version="1.0" encoding="UTF-8"?>
<testsuite name="com.rschir.prac.services.JewelryServiceTest" tests="2" skipped="0" failures="0" errors="0" timestamp="2024-05-19T23:58:45" hostname="HOME-PC" time="0.012">
  <properties/>
  <testcase name="materialFromString()" classname="com.rschir.prac.services.JewelryServiceTest" time="0.01"/>
  <testcase name="typeFromString()" classname="com.rschir.prac.services.JewelryServiceTest" time="0.001"/>
  <system-out><![CDATA[]]></system-out>
  <system-err><![CDATA[]]></system-err>
</testsuite>
